# JRE version: OpenJDK Runtime Environment (8.0_242-b01) (build 1.8.0_242-release-1644-b01)
# Java VM: OpenJDK 64-Bit Server VM (25.242-b01 mixed mode windows-amd64 compressed oops)
Heap:
 PSYoungGen      total 461824K, used 431041K [0x00000000e0000000, 0x0000000100000000, 0x0000000100000000)
  eden space 428032K, 92% used [0x00000000e0000000,0x00000000f83f70d8,0x00000000fa200000)
  from space 33792K, 99% used [0x00000000fde80000,0x00000000fff79340,0x00000000fff80000)
  to   space 48128K, 0% used [0x00000000fa200000,0x00000000fa200000,0x00000000fd100000)
 ParOldGen       total 167424K, used 91603K [0x00000000a0000000, 0x00000000aa380000, 0x00000000e0000000)
  object space 167424K, 54% used [0x00000000a0000000,0x00000000a5974f98,0x00000000aa380000)
 Metaspace       used 108441K, capacity 114142K, committed 114432K, reserved 1148928K
  class space    used 13737K, capacity 15000K, committed 15104K, reserved 1048576K
GC Heap History (10 events):
Event: 951.006 GC heap before
{Heap before GC invocations=30 (full 3):
 PSYoungGen      total 470016K, used 82287K [0x00000000e0000000, 0x00000000ffd80000, 0x0000000100000000)
  eden space 442880K, 12% used [0x00000000e0000000,0x00000000e35dd360,0x00000000fb080000)
  from space 27136K, 99% used [0x00000000fe300000,0x00000000ffd7ec98,0x00000000ffd80000)
  to   space 34816K, 0% used [0x00000000fb980000,0x00000000fb980000,0x00000000fdb80000)
 ParOldGen       total 118272K, used 92126K [0x00000000a0000000, 0x00000000a7380000, 0x00000000e0000000)
  object space 118272K, 77% used [0x00000000a0000000,0x00000000a59f7a78,0x00000000a7380000)
 Metaspace       used 93629K, capacity 98528K, committed 98600K, reserved 1134592K
  class space    used 12112K, capacity 13112K, committed 13184K, reserved 1048576K
Event: 951.020 GC heap after
Heap after GC invocations=30 (full 3):
 PSYoungGen      total 486912K, used 1908K [0x00000000e0000000, 0x0000000100000000, 0x0000000100000000)
  eden space 452096K, 0% used [0x00000000e0000000,0x00000000e0000000,0x00000000fb980000)
  from space 34816K, 5% used [0x00000000fb980000,0x00000000fbb5d0b8,0x00000000fdb80000)
  to   space 34304K, 0% used [0x00000000fde80000,0x00000000fde80000,0x0000000100000000)
 ParOldGen       total 118272K, used 96164K [0x00000000a0000000, 0x00000000a7380000, 0x00000000e0000000)
  object space 118272K, 81% used [0x00000000a0000000,0x00000000a5de9090,0x00000000a7380000)
 Metaspace       used 93629K, capacity 98528K, committed 98600K, reserved 1134592K
  class space    used 12112K, capacity 13112K, committed 13184K, reserved 1048576K
}
Event: 951.020 GC heap before
{Heap before GC invocations=31 (full 4):
 PSYoungGen      total 486912K, used 1908K [0x00000000e0000000, 0x0000000100000000, 0x0000000100000000)
  eden space 452096K, 0% used [0x00000000e0000000,0x00000000e0000000,0x00000000fb980000)
  from space 34816K, 5% used [0x00000000fb980000,0x00000000fbb5d0b8,0x00000000fdb80000)
  to   space 34304K, 0% used [0x00000000fde80000,0x00000000fde80000,0x0000000100000000)
 ParOldGen       total 118272K, used 96164K [0x00000000a0000000, 0x00000000a7380000, 0x00000000e0000000)
  object space 118272K, 81% used [0x00000000a0000000,0x00000000a5de9090,0x00000000a7380000)
 Metaspace       used 93629K, capacity 98528K, committed 98600K, reserved 1134592K
  class space    used 12112K, capacity 13112K, committed 13184K, reserved 1048576K
Event: 951.331 GC heap after
Heap after GC invocations=31 (full 4):
 PSYoungGen      total 486912K, used 0K [0x00000000e0000000, 0x0000000100000000, 0x0000000100000000)
  eden space 452096K, 0% used [0x00000000e0000000,0x00000000e0000000,0x00000000fb980000)
  from space 34816K, 0% used [0x00000000fb980000,0x00000000fb980000,0x00000000fdb80000)
  to   space 34304K, 0% used [0x00000000fde80000,0x00000000fde80000,0x0000000100000000)
 ParOldGen       total 167424K, used 60502K [0x00000000a0000000, 0x00000000aa380000, 0x00000000e0000000)
  object space 167424K, 36% used [0x00000000a0000000,0x00000000a3b15a50,0x00000000aa380000)
 Metaspace       used 93447K, capacity 98016K, committed 98600K, reserved 1134592K
  class space    used 12051K, capacity 13004K, committed 13184K, reserved 1048576K
}
Event: 1131.194 GC heap before
{Heap before GC invocations=32 (full 4):
 PSYoungGen      total 486912K, used 452096K [0x00000000e0000000, 0x0000000100000000, 0x0000000100000000)
  eden space 452096K, 100% used [0x00000000e0000000,0x00000000fb980000,0x00000000fb980000)
  from space 34816K, 0% used [0x00000000fb980000,0x00000000fb980000,0x00000000fdb80000)
  to   space 34304K, 0% used [0x00000000fde80000,0x00000000fde80000,0x0000000100000000)
 ParOldGen       total 167424K, used 60502K [0x00000000a0000000, 0x00000000aa380000, 0x00000000e0000000)
  object space 167424K, 36% used [0x00000000a0000000,0x00000000a3b15a50,0x00000000aa380000)
 Metaspace       used 98203K, capacity 103178K, committed 103424K, reserved 1138688K
  class space    used 12601K, capacity 13717K, committed 13824K, reserved 1048576K
Event: 1131.228 GC heap after
Heap after GC invocations=32 (full 4):
 PSYoungGen      total 488960K, used 17979K [0x00000000e0000000, 0x00000000fff80000, 0x0000000100000000)
  eden space 455168K, 0% used [0x00000000e0000000,0x00000000e0000000,0x00000000fbc80000)
  from space 33792K, 53% used [0x00000000fde80000,0x00000000ff00ef60,0x00000000fff80000)
  to   space 34304K, 0% used [0x00000000fbc80000,0x00000000fbc80000,0x00000000fde00000)
 ParOldGen       total 167424K, used 60510K [0x00000000a0000000, 0x00000000aa380000, 0x00000000e0000000)
  object space 167424K, 36% used [0x00000000a0000000,0x00000000a3b17a50,0x00000000aa380000)
 Metaspace       used 98203K, capacity 103178K, committed 103424K, reserved 1138688K
  class space    used 12601K, capacity 13717K, committed 13824K, reserved 1048576K
}
Event: 1230.781 GC heap before
{Heap before GC invocations=33 (full 4):
 PSYoungGen      total 488960K, used 473147K [0x00000000e0000000, 0x00000000fff80000, 0x0000000100000000)
  eden space 455168K, 100% used [0x00000000e0000000,0x00000000fbc80000,0x00000000fbc80000)
  from space 33792K, 53% used [0x00000000fde80000,0x00000000ff00ef60,0x00000000fff80000)
  to   space 34304K, 0% used [0x00000000fbc80000,0x00000000fbc80000,0x00000000fde00000)
 ParOldGen       total 167424K, used 60510K [0x00000000a0000000, 0x00000000aa380000, 0x00000000e0000000)
  object space 167424K, 36% used [0x00000000a0000000,0x00000000a3b17a50,0x00000000aa380000)
 Metaspace       used 99548K, capacity 105052K, committed 105216K, reserved 1140736K
  class space    used 12763K, capacity 14005K, committed 14080K, reserved 1048576K
Event: 1230.807 GC heap after
Heap after GC invocations=33 (full 4):
 PSYoungGen      total 489472K, used 15329K [0x00000000e0000000, 0x00000000fff80000, 0x0000000100000000)
  eden space 455168K, 0% used [0x00000000e0000000,0x00000000e0000000,0x00000000fbc80000)
  from space 34304K, 44% used [0x00000000fbc80000,0x00000000fcb787c8,0x00000000fde00000)
  to   space 33792K, 0% used [0x00000000fde80000,0x00000000fde80000,0x00000000fff80000)
 ParOldGen       total 167424K, used 68882K [0x00000000a0000000, 0x00000000aa380000, 0x00000000e0000000)
  object space 167424K, 41% used [0x00000000a0000000,0x00000000a4344940,0x00000000aa380000)
 Metaspace       used 99548K, capacity 105052K, committed 105216K, reserved 1140736K
  class space    used 12763K, capacity 14005K, committed 14080K, reserved 1048576K
}
Event: 1242.795 GC heap before
{Heap before GC invocations=34 (full 4):
 PSYoungGen      total 489472K, used 470057K [0x00000000e0000000, 0x00000000fff80000, 0x0000000100000000)
  eden space 455168K, 99% used [0x00000000e0000000,0x00000000fbc11e48,0x00000000fbc80000)
  from space 34304K, 44% used [0x00000000fbc80000,0x00000000fcb787c8,0x00000000fde00000)
  to   space 33792K, 0% used [0x00000000fde80000,0x00000000fde80000,0x00000000fff80000)
 ParOldGen       total 167424K, used 68882K [0x00000000a0000000, 0x00000000aa380000, 0x00000000e0000000)
  object space 167424K, 41% used [0x00000000a0000000,0x00000000a4344940,0x00000000aa380000)
 Metaspace       used 103951K, capacity 109588K, committed 109696K, reserved 1144832K
  class space    used 13169K, capacity 14437K, committed 14464K, reserved 1048576K
Event: 1242.867 GC heap after
Heap after GC invocations=34 (full 4):
 PSYoungGen      total 461824K, used 33764K [0x00000000e0000000, 0x0000000100000000, 0x0000000100000000)
  eden space 428032K, 0% used [0x00000000e0000000,0x00000000e0000000,0x00000000fa200000)
  from space 33792K, 99% used [0x00000000fde80000,0x00000000fff79340,0x00000000fff80000)
  to   space 48128K, 0% used [0x00000000fa200000,0x00000000fa200000,0x00000000fd100000)
 ParOldGen       total 167424K, used 91603K [0x00000000a0000000, 0x00000000aa380000, 0x00000000e0000000)
  object space 167424K, 54% used [0x00000000a0000000,0x00000000a5974f98,0x00000000aa380000)
 Metaspace       used 103951K, capacity 109588K, committed 109696K, reserved 1144832K
  class space    used 13169K, capacity 14437K, committed 14464K, reserved 1048576K
}

