# JRE version: OpenJDK Runtime Environment (8.0_242-b01) (build 1.8.0_242-release-1644-b01)
# Java VM: OpenJDK 64-Bit Server VM (25.242-b01 mixed mode windows-amd64 compressed oops)
Heap:
 PSYoungGen      total 275968K, used 8989K [0x00000000e0000000, 0x00000000f7700000, 0x0000000100000000)
  eden space 260096K, 3% used [0x00000000e0000000,0x00000000e08c7628,0x00000000efe00000)
  from space 15872K, 0% used [0x00000000efe00000,0x00000000efe00000,0x00000000f0d80000)
  to   space 14848K, 0% used [0x00000000f6880000,0x00000000f6880000,0x00000000f7700000)
 ParOldGen       total 59392K, used 14676K [0x00000000a0000000, 0x00000000a3a00000, 0x00000000e0000000)
  object space 59392K, 24% used [0x00000000a0000000,0x00000000a0e552a0,0x00000000a3a00000)
 Metaspace       used 34626K, capacity 35720K, committed 35880K, reserved 1079296K
  class space    used 4768K, capacity 5041K, committed 5168K, reserved 1048576K
GC Heap History (10 events):
Event: 6.242 GC heap before
{Heap before GC invocations=5 (full 0):
 PSYoungGen      total 138240K, used 16866K [0x00000000e0000000, 0x00000000e8c00000, 0x0000000100000000)
  eden space 133120K, 8% used [0x00000000e0000000,0x00000000e0b7b9b0,0x00000000e8200000)
  from space 5120K, 99% used [0x00000000e8700000,0x00000000e8bfd040,0x00000000e8c00000)
  to   space 5120K, 0% used [0x00000000e8200000,0x00000000e8200000,0x00000000e8700000)
 ParOldGen       total 87552K, used 10289K [0x00000000a0000000, 0x00000000a5580000, 0x00000000e0000000)
  object space 87552K, 11% used [0x00000000a0000000,0x00000000a0a0c750,0x00000000a5580000)
 Metaspace       used 20592K, capacity 21224K, committed 21296K, reserved 1067008K
  class space    used 2873K, capacity 3076K, committed 3120K, reserved 1048576K
Event: 6.249 GC heap after
Heap after GC invocations=5 (full 0):
 PSYoungGen      total 138240K, used 5088K [0x00000000e0000000, 0x00000000f1d00000, 0x0000000100000000)
  eden space 133120K, 0% used [0x00000000e0000000,0x00000000e0000000,0x00000000e8200000)
  from space 5120K, 99% used [0x00000000e8200000,0x00000000e86f8030,0x00000000e8700000)
  to   space 12800K, 0% used [0x00000000f1080000,0x00000000f1080000,0x00000000f1d00000)
 ParOldGen       total 87552K, used 10921K [0x00000000a0000000, 0x00000000a5580000, 0x00000000e0000000)
  object space 87552K, 12% used [0x00000000a0000000,0x00000000a0aaa728,0x00000000a5580000)
 Metaspace       used 20592K, capacity 21224K, committed 21296K, reserved 1067008K
  class space    used 2873K, capacity 3076K, committed 3120K, reserved 1048576K
}
Event: 6.249 GC heap before
{Heap before GC invocations=6 (full 1):
 PSYoungGen      total 138240K, used 5088K [0x00000000e0000000, 0x00000000f1d00000, 0x0000000100000000)
  eden space 133120K, 0% used [0x00000000e0000000,0x00000000e0000000,0x00000000e8200000)
  from space 5120K, 99% used [0x00000000e8200000,0x00000000e86f8030,0x00000000e8700000)
  to   space 12800K, 0% used [0x00000000f1080000,0x00000000f1080000,0x00000000f1d00000)
 ParOldGen       total 87552K, used 10921K [0x00000000a0000000, 0x00000000a5580000, 0x00000000e0000000)
  object space 87552K, 12% used [0x00000000a0000000,0x00000000a0aaa728,0x00000000a5580000)
 Metaspace       used 20592K, capacity 21224K, committed 21296K, reserved 1067008K
  class space    used 2873K, capacity 3076K, committed 3120K, reserved 1048576K
Event: 6.290 GC heap after
Heap after GC invocations=6 (full 1):
 PSYoungGen      total 138240K, used 0K [0x00000000e0000000, 0x00000000f1d00000, 0x0000000100000000)
  eden space 133120K, 0% used [0x00000000e0000000,0x00000000e0000000,0x00000000e8200000)
  from space 5120K, 0% used [0x00000000e8200000,0x00000000e8200000,0x00000000e8700000)
  to   space 12800K, 0% used [0x00000000f1080000,0x00000000f1080000,0x00000000f1d00000)
 ParOldGen       total 59392K, used 7150K [0x00000000a0000000, 0x00000000a3a00000, 0x00000000e0000000)
  object space 59392K, 12% used [0x00000000a0000000,0x00000000a06fba60,0x00000000a3a00000)
 Metaspace       used 20592K, capacity 21224K, committed 21296K, reserved 1067008K
  class space    used 2873K, capacity 3076K, committed 3120K, reserved 1048576K
}
Event: 10.259 GC heap before
{Heap before GC invocations=7 (full 1):
 PSYoungGen      total 138240K, used 133120K [0x00000000e0000000, 0x00000000f1d00000, 0x0000000100000000)
  eden space 133120K, 100% used [0x00000000e0000000,0x00000000e8200000,0x00000000e8200000)
  from space 5120K, 0% used [0x00000000e8200000,0x00000000e8200000,0x00000000e8700000)
  to   space 12800K, 0% used [0x00000000f1080000,0x00000000f1080000,0x00000000f1d00000)
 ParOldGen       total 59392K, used 7150K [0x00000000a0000000, 0x00000000a3a00000, 0x00000000e0000000)
  object space 59392K, 12% used [0x00000000a0000000,0x00000000a06fba60,0x00000000a3a00000)
 Metaspace       used 32780K, capacity 33860K, committed 33968K, reserved 1079296K
  class space    used 4479K, capacity 4750K, committed 4784K, reserved 1048576K
Event: 10.279 GC heap after
Heap after GC invocations=7 (full 1):
 PSYoungGen      total 228864K, used 12776K [0x00000000e0000000, 0x00000000f1d00000, 0x0000000100000000)
  eden space 216064K, 0% used [0x00000000e0000000,0x00000000e0000000,0x00000000ed300000)
  from space 12800K, 99% used [0x00000000f1080000,0x00000000f1cfa3b8,0x00000000f1d00000)
  to   space 15872K, 0% used [0x00000000efe00000,0x00000000efe00000,0x00000000f0d80000)
 ParOldGen       total 59392K, used 8424K [0x00000000a0000000, 0x00000000a3a00000, 0x00000000e0000000)
  object space 59392K, 14% used [0x00000000a0000000,0x00000000a083a228,0x00000000a3a00000)
 Metaspace       used 32780K, capacity 33860K, committed 33968K, reserved 1079296K
  class space    used 4479K, capacity 4750K, committed 4784K, reserved 1048576K
}
Event: 10.999 GC heap before
{Heap before GC invocations=8 (full 1):
 PSYoungGen      total 228864K, used 49819K [0x00000000e0000000, 0x00000000f1d00000, 0x0000000100000000)
  eden space 216064K, 17% used [0x00000000e0000000,0x00000000e242c8b8,0x00000000ed300000)
  from space 12800K, 99% used [0x00000000f1080000,0x00000000f1cfa3b8,0x00000000f1d00000)
  to   space 15872K, 0% used [0x00000000efe00000,0x00000000efe00000,0x00000000f0d80000)
 ParOldGen       total 59392K, used 8424K [0x00000000a0000000, 0x00000000a3a00000, 0x00000000e0000000)
  object space 59392K, 14% used [0x00000000a0000000,0x00000000a083a228,0x00000000a3a00000)
 Metaspace       used 34368K, capacity 35420K, committed 35496K, reserved 1079296K
  class space    used 4733K, capacity 5003K, committed 5040K, reserved 1048576K
Event: 11.010 GC heap after
Heap after GC invocations=8 (full 1):
 PSYoungGen      total 275968K, used 8299K [0x00000000e0000000, 0x00000000f7700000, 0x0000000100000000)
  eden space 260096K, 0% used [0x00000000e0000000,0x00000000e0000000,0x00000000efe00000)
  from space 15872K, 52% used [0x00000000efe00000,0x00000000f061ad98,0x00000000f0d80000)
  to   space 14848K, 0% used [0x00000000f6880000,0x00000000f6880000,0x00000000f7700000)
 ParOldGen       total 59392K, used 8432K [0x00000000a0000000, 0x00000000a3a00000, 0x00000000e0000000)
  object space 59392K, 14% used [0x00000000a0000000,0x00000000a083c228,0x00000000a3a00000)
 Metaspace       used 34368K, capacity 35420K, committed 35496K, reserved 1079296K
  class space    used 4733K, capacity 5003K, committed 5040K, reserved 1048576K
}
Event: 11.010 GC heap before
{Heap before GC invocations=9 (full 2):
 PSYoungGen      total 275968K, used 8299K [0x00000000e0000000, 0x00000000f7700000, 0x0000000100000000)
  eden space 260096K, 0% used [0x00000000e0000000,0x00000000e0000000,0x00000000efe00000)
  from space 15872K, 52% used [0x00000000efe00000,0x00000000f061ad98,0x00000000f0d80000)
  to   space 14848K, 0% used [0x00000000f6880000,0x00000000f6880000,0x00000000f7700000)
 ParOldGen       total 59392K, used 8432K [0x00000000a0000000, 0x00000000a3a00000, 0x00000000e0000000)
  object space 59392K, 14% used [0x00000000a0000000,0x00000000a083c228,0x00000000a3a00000)
 Metaspace       used 34368K, capacity 35420K, committed 35496K, reserved 1079296K
  class space    used 4733K, capacity 5003K, committed 5040K, reserved 1048576K
Event: 11.101 GC heap after
Heap after GC invocations=9 (full 2):
 PSYoungGen      total 275968K, used 0K [0x00000000e0000000, 0x00000000f7700000, 0x0000000100000000)
  eden space 260096K, 0% used [0x00000000e0000000,0x00000000e0000000,0x00000000efe00000)
  from space 15872K, 0% used [0x00000000efe00000,0x00000000efe00000,0x00000000f0d80000)
  to   space 14848K, 0% used [0x00000000f6880000,0x00000000f6880000,0x00000000f7700000)
 ParOldGen       total 59392K, used 14676K [0x00000000a0000000, 0x00000000a3a00000, 0x00000000e0000000)
  object space 59392K, 24% used [0x00000000a0000000,0x00000000a0e552a0,0x00000000a3a00000)
 Metaspace       used 34368K, capacity 35420K, committed 35496K, reserved 1079296K
  class space    used 4733K, capacity 5003K, committed 5040K, reserved 1048576K
}

