# JRE version: OpenJDK Runtime Environment (8.0_242-b01) (build 1.8.0_242-release-1644-b01)
# Java VM: OpenJDK 64-Bit Server VM (25.242-b01 mixed mode windows-amd64 compressed oops)
Heap:
 PSYoungGen      total 231936K, used 52652K [0x00000000e0000000, 0x00000000f0180000, 0x0000000100000000)
  eden space 211968K, 24% used [0x00000000e0000000,0x00000000e336b0e8,0x00000000ecf00000)
  from space 19968K, 0% used [0x00000000ee280000,0x00000000ee280000,0x00000000ef600000)
  to   space 19968K, 0% used [0x00000000ecf00000,0x00000000ecf00000,0x00000000ee280000)
 ParOldGen       total 117760K, used 30624K [0x00000000a0000000, 0x00000000a7300000, 0x00000000e0000000)
  object space 117760K, 26% used [0x00000000a0000000,0x00000000a1de8290,0x00000000a7300000)
 Metaspace       used 60284K, capacity 62666K, committed 62888K, reserved 1103872K
  class space    used 8334K, capacity 8870K, committed 8880K, reserved 1048576K
GC Heap History (10 events):
Event: 6.624 GC heap before
{Heap before GC invocations=11 (full 2):
 PSYoungGen      total 139264K, used 11242K [0x00000000e0000000, 0x00000000ec200000, 0x0000000100000000)
  eden space 128000K, 0% used [0x00000000e0000000,0x00000000e0000000,0x00000000e7d00000)
  from space 11264K, 99% used [0x00000000e7d00000,0x00000000e87faac8,0x00000000e8800000)
  to   space 12800K, 0% used [0x00000000eb580000,0x00000000eb580000,0x00000000ec200000)
 ParOldGen       total 49664K, used 6933K [0x00000000a0000000, 0x00000000a3080000, 0x00000000e0000000)
  object space 49664K, 13% used [0x00000000a0000000,0x00000000a06c54d0,0x00000000a3080000)
 Metaspace       used 34311K, capacity 35414K, committed 35496K, reserved 1079296K
  class space    used 4721K, capacity 5002K, committed 5040K, reserved 1048576K
Event: 6.736 GC heap after
Heap after GC invocations=11 (full 2):
 PSYoungGen      total 139264K, used 0K [0x00000000e0000000, 0x00000000ec200000, 0x0000000100000000)
  eden space 128000K, 0% used [0x00000000e0000000,0x00000000e0000000,0x00000000e7d00000)
  from space 11264K, 0% used [0x00000000e7d00000,0x00000000e7d00000,0x00000000e8800000)
  to   space 12800K, 0% used [0x00000000eb580000,0x00000000eb580000,0x00000000ec200000)
 ParOldGen       total 78848K, used 17485K [0x00000000a0000000, 0x00000000a4d00000, 0x00000000e0000000)
  object space 78848K, 22% used [0x00000000a0000000,0x00000000a11136f8,0x00000000a4d00000)
 Metaspace       used 34311K, capacity 35414K, committed 35496K, reserved 1079296K
  class space    used 4721K, capacity 5002K, committed 5040K, reserved 1048576K
}
Event: 8.212 GC heap before
{Heap before GC invocations=12 (full 2):
 PSYoungGen      total 139264K, used 128000K [0x00000000e0000000, 0x00000000ec200000, 0x0000000100000000)
  eden space 128000K, 100% used [0x00000000e0000000,0x00000000e7d00000,0x00000000e7d00000)
  from space 11264K, 0% used [0x00000000e7d00000,0x00000000e7d00000,0x00000000e8800000)
  to   space 12800K, 0% used [0x00000000eb580000,0x00000000eb580000,0x00000000ec200000)
 ParOldGen       total 78848K, used 17485K [0x00000000a0000000, 0x00000000a4d00000, 0x00000000e0000000)
  object space 78848K, 22% used [0x00000000a0000000,0x00000000a11136f8,0x00000000a4d00000)
 Metaspace       used 39579K, capacity 41290K, committed 41384K, reserved 1085440K
  class space    used 5460K, capacity 5804K, committed 5808K, reserved 1048576K
Event: 8.243 GC heap after
Heap after GC invocations=12 (full 2):
 PSYoungGen      total 176128K, used 9693K [0x00000000e0000000, 0x00000000ebf00000, 0x0000000100000000)
  eden space 166400K, 0% used [0x00000000e0000000,0x00000000e0000000,0x00000000ea280000)
  from space 9728K, 99% used [0x00000000eb580000,0x00000000ebef7490,0x00000000ebf00000)
  to   space 13312K, 0% used [0x00000000ea500000,0x00000000ea500000,0x00000000eb200000)
 ParOldGen       total 78848K, used 17493K [0x00000000a0000000, 0x00000000a4d00000, 0x00000000e0000000)
  object space 78848K, 22% used [0x00000000a0000000,0x00000000a11156f8,0x00000000a4d00000)
 Metaspace       used 39579K, capacity 41290K, committed 41384K, reserved 1085440K
  class space    used 5460K, capacity 5804K, committed 5808K, reserved 1048576K
}
Event: 10.971 GC heap before
{Heap before GC invocations=13 (full 2):
 PSYoungGen      total 176128K, used 176093K [0x00000000e0000000, 0x00000000ebf00000, 0x0000000100000000)
  eden space 166400K, 100% used [0x00000000e0000000,0x00000000ea280000,0x00000000ea280000)
  from space 9728K, 99% used [0x00000000eb580000,0x00000000ebef7490,0x00000000ebf00000)
  to   space 13312K, 0% used [0x00000000ea500000,0x00000000ea500000,0x00000000eb200000)
 ParOldGen       total 78848K, used 17493K [0x00000000a0000000, 0x00000000a4d00000, 0x00000000e0000000)
  object space 78848K, 22% used [0x00000000a0000000,0x00000000a11156f8,0x00000000a4d00000)
 Metaspace       used 54953K, capacity 57096K, committed 57256K, reserved 1097728K
  class space    used 7482K, capacity 7993K, committed 8112K, reserved 1048576K
Event: 11.003 GC heap after
Heap after GC invocations=13 (full 2):
 PSYoungGen      total 182272K, used 13300K [0x00000000e0000000, 0x00000000ef600000, 0x0000000100000000)
  eden space 168960K, 0% used [0x00000000e0000000,0x00000000e0000000,0x00000000ea500000)
  from space 13312K, 99% used [0x00000000ea500000,0x00000000eb1fd320,0x00000000eb200000)
  to   space 19968K, 0% used [0x00000000ee280000,0x00000000ee280000,0x00000000ef600000)
 ParOldGen       total 78848K, used 30433K [0x00000000a0000000, 0x00000000a4d00000, 0x00000000e0000000)
  object space 78848K, 38% used [0x00000000a0000000,0x00000000a1db86f8,0x00000000a4d00000)
 Metaspace       used 54953K, capacity 57096K, committed 57256K, reserved 1097728K
  class space    used 7482K, capacity 7993K, committed 8112K, reserved 1048576K
}
Event: 11.425 GC heap before
{Heap before GC invocations=14 (full 2):
 PSYoungGen      total 182272K, used 43550K [0x00000000e0000000, 0x00000000ef600000, 0x0000000100000000)
  eden space 168960K, 17% used [0x00000000e0000000,0x00000000e1d8a588,0x00000000ea500000)
  from space 13312K, 99% used [0x00000000ea500000,0x00000000eb1fd320,0x00000000eb200000)
  to   space 19968K, 0% used [0x00000000ee280000,0x00000000ee280000,0x00000000ef600000)
 ParOldGen       total 78848K, used 30433K [0x00000000a0000000, 0x00000000a4d00000, 0x00000000e0000000)
  object space 78848K, 38% used [0x00000000a0000000,0x00000000a1db86f8,0x00000000a4d00000)
 Metaspace       used 56735K, capacity 59080K, committed 59160K, reserved 1099776K
  class space    used 7771K, capacity 8323K, committed 8368K, reserved 1048576K
Event: 11.453 GC heap after
Heap after GC invocations=14 (full 2):
 PSYoungGen      total 231936K, used 2524K [0x00000000e0000000, 0x00000000f0180000, 0x0000000100000000)
  eden space 211968K, 0% used [0x00000000e0000000,0x00000000e0000000,0x00000000ecf00000)
  from space 19968K, 12% used [0x00000000ee280000,0x00000000ee4f71f0,0x00000000ef600000)
  to   space 19968K, 0% used [0x00000000ecf00000,0x00000000ecf00000,0x00000000ee280000)
 ParOldGen       total 78848K, used 43599K [0x00000000a0000000, 0x00000000a4d00000, 0x00000000e0000000)
  object space 78848K, 55% used [0x00000000a0000000,0x00000000a2a93fa0,0x00000000a4d00000)
 Metaspace       used 56735K, capacity 59080K, committed 59160K, reserved 1099776K
  class space    used 7771K, capacity 8323K, committed 8368K, reserved 1048576K
}
Event: 11.453 GC heap before
{Heap before GC invocations=15 (full 3):
 PSYoungGen      total 231936K, used 2524K [0x00000000e0000000, 0x00000000f0180000, 0x0000000100000000)
  eden space 211968K, 0% used [0x00000000e0000000,0x00000000e0000000,0x00000000ecf00000)
  from space 19968K, 12% used [0x00000000ee280000,0x00000000ee4f71f0,0x00000000ef600000)
  to   space 19968K, 0% used [0x00000000ecf00000,0x00000000ecf00000,0x00000000ee280000)
 ParOldGen       total 78848K, used 43599K [0x00000000a0000000, 0x00000000a4d00000, 0x00000000e0000000)
  object space 78848K, 55% used [0x00000000a0000000,0x00000000a2a93fa0,0x00000000a4d00000)
 Metaspace       used 56735K, capacity 59080K, committed 59160K, reserved 1099776K
  class space    used 7771K, capacity 8323K, committed 8368K, reserved 1048576K
Event: 11.689 GC heap after
Heap after GC invocations=15 (full 3):
 PSYoungGen      total 231936K, used 0K [0x00000000e0000000, 0x00000000f0180000, 0x0000000100000000)
  eden space 211968K, 0% used [0x00000000e0000000,0x00000000e0000000,0x00000000ecf00000)
  from space 19968K, 0% used [0x00000000ee280000,0x00000000ee280000,0x00000000ef600000)
  to   space 19968K, 0% used [0x00000000ecf00000,0x00000000ecf00000,0x00000000ee280000)
 ParOldGen       total 117760K, used 30624K [0x00000000a0000000, 0x00000000a7300000, 0x00000000e0000000)
  object space 117760K, 26% used [0x00000000a0000000,0x00000000a1de8290,0x00000000a7300000)
 Metaspace       used 56716K, capacity 59014K, committed 59160K, reserved 1099776K
  class space    used 7765K, capacity 8312K, committed 8368K, reserved 1048576K
}

