# JRE version: OpenJDK Runtime Environment (8.0_242-b01) (build 1.8.0_242-release-1644-b01)
# Java VM: OpenJDK 64-Bit Server VM (25.242-b01 mixed mode windows-amd64 compressed oops)
Heap:
 PSYoungGen      total 227840K, used 111370K [0x00000000e0000000, 0x00000000ef300000, 0x0000000100000000)
  eden space 209920K, 53% used [0x00000000e0000000,0x00000000e6cc2930,0x00000000ecd00000)
  from space 17920K, 0% used [0x00000000ee180000,0x00000000ee180000,0x00000000ef300000)
  to   space 19456K, 14% used [0x00000000ecd00000,0x00000000ecfbd030,0x00000000ee000000)
 ParOldGen       total 121856K, used 30346K [0x00000000a0000000, 0x00000000a7700000, 0x00000000e0000000)
  object space 121856K, 24% used [0x00000000a0000000,0x00000000a1da2ab8,0x00000000a7700000)
 Metaspace       used 62655K, capacity 65286K, committed 65448K, reserved 1110016K
  class space    used 8449K, capacity 9022K, committed 9136K, reserved 1048576K
GC Heap History (10 events):
Event: 6.147 GC heap before
{Heap before GC invocations=11 (full 2):
 PSYoungGen      total 139264K, used 11222K [0x00000000e0000000, 0x00000000ebe00000, 0x0000000100000000)
  eden space 128000K, 0% used [0x00000000e0000000,0x00000000e0000000,0x00000000e7d00000)
  from space 11264K, 99% used [0x00000000e7d00000,0x00000000e87f5a50,0x00000000e8800000)
  to   space 12800K, 0% used [0x00000000eb180000,0x00000000eb180000,0x00000000ebe00000)
 ParOldGen       total 50688K, used 6907K [0x00000000a0000000, 0x00000000a3180000, 0x00000000e0000000)
  object space 50688K, 13% used [0x00000000a0000000,0x00000000a06bef50,0x00000000a3180000)
 Metaspace       used 34295K, capacity 35414K, committed 35496K, reserved 1079296K
  class space    used 4721K, capacity 5002K, committed 5040K, reserved 1048576K
Event: 6.240 GC heap after
Heap after GC invocations=11 (full 2):
 PSYoungGen      total 139264K, used 0K [0x00000000e0000000, 0x00000000ebe00000, 0x0000000100000000)
  eden space 128000K, 0% used [0x00000000e0000000,0x00000000e0000000,0x00000000e7d00000)
  from space 11264K, 0% used [0x00000000e7d00000,0x00000000e7d00000,0x00000000e8800000)
  to   space 12800K, 0% used [0x00000000eb180000,0x00000000eb180000,0x00000000ebe00000)
 ParOldGen       total 79872K, used 17476K [0x00000000a0000000, 0x00000000a4e00000, 0x00000000e0000000)
  object space 79872K, 21% used [0x00000000a0000000,0x00000000a11110c0,0x00000000a4e00000)
 Metaspace       used 34295K, capacity 35414K, committed 35496K, reserved 1079296K
  class space    used 4721K, capacity 5002K, committed 5040K, reserved 1048576K
}
Event: 7.943 GC heap before
{Heap before GC invocations=12 (full 2):
 PSYoungGen      total 139264K, used 128000K [0x00000000e0000000, 0x00000000ebe00000, 0x0000000100000000)
  eden space 128000K, 100% used [0x00000000e0000000,0x00000000e7d00000,0x00000000e7d00000)
  from space 11264K, 0% used [0x00000000e7d00000,0x00000000e7d00000,0x00000000e8800000)
  to   space 12800K, 0% used [0x00000000eb180000,0x00000000eb180000,0x00000000ebe00000)
 ParOldGen       total 79872K, used 17476K [0x00000000a0000000, 0x00000000a4e00000, 0x00000000e0000000)
  object space 79872K, 21% used [0x00000000a0000000,0x00000000a11110c0,0x00000000a4e00000)
 Metaspace       used 39602K, capacity 41332K, committed 41384K, reserved 1085440K
  class space    used 5460K, capacity 5799K, committed 5808K, reserved 1048576K
Event: 7.959 GC heap after
Heap after GC invocations=12 (full 2):
 PSYoungGen      total 176640K, used 9745K [0x00000000e0000000, 0x00000000ebc00000, 0x0000000100000000)
  eden space 165888K, 0% used [0x00000000e0000000,0x00000000e0000000,0x00000000ea200000)
  from space 10752K, 90% used [0x00000000eb180000,0x00000000ebb047f8,0x00000000ebc00000)
  to   space 13312K, 0% used [0x00000000ea200000,0x00000000ea200000,0x00000000eaf00000)
 ParOldGen       total 79872K, used 17484K [0x00000000a0000000, 0x00000000a4e00000, 0x00000000e0000000)
  object space 79872K, 21% used [0x00000000a0000000,0x00000000a11130c0,0x00000000a4e00000)
 Metaspace       used 39602K, capacity 41332K, committed 41384K, reserved 1085440K
  class space    used 5460K, capacity 5799K, committed 5808K, reserved 1048576K
}
Event: 10.802 GC heap before
{Heap before GC invocations=13 (full 2):
 PSYoungGen      total 176640K, used 175633K [0x00000000e0000000, 0x00000000ebc00000, 0x0000000100000000)
  eden space 165888K, 100% used [0x00000000e0000000,0x00000000ea200000,0x00000000ea200000)
  from space 10752K, 90% used [0x00000000eb180000,0x00000000ebb047f8,0x00000000ebc00000)
  to   space 13312K, 0% used [0x00000000ea200000,0x00000000ea200000,0x00000000eaf00000)
 ParOldGen       total 79872K, used 17484K [0x00000000a0000000, 0x00000000a4e00000, 0x00000000e0000000)
  object space 79872K, 21% used [0x00000000a0000000,0x00000000a11130c0,0x00000000a4e00000)
 Metaspace       used 54760K, capacity 56904K, committed 57128K, reserved 1097728K
  class space    used 7454K, capacity 7955K, committed 7984K, reserved 1048576K
Event: 10.840 GC heap after
Heap after GC invocations=13 (full 2):
 PSYoungGen      total 179200K, used 13308K [0x00000000e0000000, 0x00000000ef480000, 0x0000000100000000)
  eden space 165888K, 0% used [0x00000000e0000000,0x00000000e0000000,0x00000000ea200000)
  from space 13312K, 99% used [0x00000000ea200000,0x00000000eaeff330,0x00000000eaf00000)
  to   space 19456K, 0% used [0x00000000ee180000,0x00000000ee180000,0x00000000ef480000)
 ParOldGen       total 79872K, used 30170K [0x00000000a0000000, 0x00000000a4e00000, 0x00000000e0000000)
  object space 79872K, 37% used [0x00000000a0000000,0x00000000a1d76bd8,0x00000000a4e00000)
 Metaspace       used 54760K, capacity 56904K, committed 57128K, reserved 1097728K
  class space    used 7454K, capacity 7955K, committed 7984K, reserved 1048576K
}
Event: 11.950 GC heap before
{Heap before GC invocations=14 (full 2):
 PSYoungGen      total 179200K, used 39454K [0x00000000e0000000, 0x00000000ef480000, 0x0000000100000000)
  eden space 165888K, 15% used [0x00000000e0000000,0x00000000e19884f0,0x00000000ea200000)
  from space 13312K, 99% used [0x00000000ea200000,0x00000000eaeff330,0x00000000eaf00000)
  to   space 19456K, 0% used [0x00000000ee180000,0x00000000ee180000,0x00000000ef480000)
 ParOldGen       total 79872K, used 30170K [0x00000000a0000000, 0x00000000a4e00000, 0x00000000e0000000)
  object space 79872K, 37% used [0x00000000a0000000,0x00000000a1d76bd8,0x00000000a4e00000)
 Metaspace       used 56558K, capacity 58982K, committed 59160K, reserved 1099776K
  class space    used 7744K, capacity 8242K, committed 8368K, reserved 1048576K
Event: 11.968 GC heap after
Heap after GC invocations=14 (full 2):
 PSYoungGen      total 227840K, used 2542K [0x00000000e0000000, 0x00000000ef300000, 0x0000000100000000)
  eden space 209920K, 0% used [0x00000000e0000000,0x00000000e0000000,0x00000000ecd00000)
  from space 17920K, 14% used [0x00000000ee180000,0x00000000ee3fba80,0x00000000ef300000)
  to   space 19456K, 0% used [0x00000000ecd00000,0x00000000ecd00000,0x00000000ee000000)
 ParOldGen       total 79872K, used 43359K [0x00000000a0000000, 0x00000000a4e00000, 0x00000000e0000000)
  object space 79872K, 54% used [0x00000000a0000000,0x00000000a2a57fd0,0x00000000a4e00000)
 Metaspace       used 56558K, capacity 58982K, committed 59160K, reserved 1099776K
  class space    used 7744K, capacity 8242K, committed 8368K, reserved 1048576K
}
Event: 11.968 GC heap before
{Heap before GC invocations=15 (full 3):
 PSYoungGen      total 227840K, used 2542K [0x00000000e0000000, 0x00000000ef300000, 0x0000000100000000)
  eden space 209920K, 0% used [0x00000000e0000000,0x00000000e0000000,0x00000000ecd00000)
  from space 17920K, 14% used [0x00000000ee180000,0x00000000ee3fba80,0x00000000ef300000)
  to   space 19456K, 0% used [0x00000000ecd00000,0x00000000ecd00000,0x00000000ee000000)
 ParOldGen       total 79872K, used 43359K [0x00000000a0000000, 0x00000000a4e00000, 0x00000000e0000000)
  object space 79872K, 54% used [0x00000000a0000000,0x00000000a2a57fd0,0x00000000a4e00000)
 Metaspace       used 56558K, capacity 58982K, committed 59160K, reserved 1099776K
  class space    used 7744K, capacity 8242K, committed 8368K, reserved 1048576K
Event: 12.199 GC heap after
Heap after GC invocations=15 (full 3):
 PSYoungGen      total 227840K, used 0K [0x00000000e0000000, 0x00000000ef300000, 0x0000000100000000)
  eden space 209920K, 0% used [0x00000000e0000000,0x00000000e0000000,0x00000000ecd00000)
  from space 17920K, 0% used [0x00000000ee180000,0x00000000ee180000,0x00000000ef300000)
  to   space 19456K, 0% used [0x00000000ecd00000,0x00000000ecd00000,0x00000000ee000000)
 ParOldGen       total 121856K, used 30346K [0x00000000a0000000, 0x00000000a7700000, 0x00000000e0000000)
  object space 121856K, 24% used [0x00000000a0000000,0x00000000a1da2ab8,0x00000000a7700000)
 Metaspace       used 56538K, capacity 58916K, committed 59160K, reserved 1099776K
  class space    used 7738K, capacity 8231K, committed 8368K, reserved 1048576K
}

