# JRE version: OpenJDK Runtime Environment (8.0_242-b01) (build 1.8.0_242-release-1644-b01)
# Java VM: OpenJDK 64-Bit Server VM (25.242-b01 mixed mode windows-amd64 compressed oops)
Heap:
 PSYoungGen      total 234496K, used 49019K [0x00000000e0000000, 0x00000000efc00000, 0x0000000100000000)
  eden space 215040K, 22% used [0x00000000e0000000,0x00000000e2fdee28,0x00000000ed200000)
  from space 19456K, 0% used [0x00000000ee500000,0x00000000ee500000,0x00000000ef800000)
  to   space 19456K, 0% used [0x00000000ed200000,0x00000000ed200000,0x00000000ee500000)
 ParOldGen       total 76288K, used 32322K [0x00000000a0000000, 0x00000000a4a80000, 0x00000000e0000000)
  object space 76288K, 42% used [0x00000000a0000000,0x00000000a1f90b00,0x00000000a4a80000)
 Metaspace       used 60246K, capacity 62664K, committed 62888K, reserved 1103872K
  class space    used 8330K, capacity 8869K, committed 8880K, reserved 1048576K
GC Heap History (10 events):
Event: 6.546 GC heap before
{Heap before GC invocations=11 (full 2):
 PSYoungGen      total 138752K, used 11238K [0x00000000e0000000, 0x00000000ec280000, 0x0000000100000000)
  eden space 127488K, 0% used [0x00000000e0000000,0x00000000e0000000,0x00000000e7c80000)
  from space 11264K, 99% used [0x00000000e7c80000,0x00000000e8779a60,0x00000000e8780000)
  to   space 12800K, 0% used [0x00000000eb600000,0x00000000eb600000,0x00000000ec280000)
 ParOldGen       total 49664K, used 6941K [0x00000000a0000000, 0x00000000a3080000, 0x00000000e0000000)
  object space 49664K, 13% used [0x00000000a0000000,0x00000000a06c77d0,0x00000000a3080000)
 Metaspace       used 34299K, capacity 35414K, committed 35496K, reserved 1079296K
  class space    used 4721K, capacity 5002K, committed 5040K, reserved 1048576K
Event: 6.644 GC heap after
Heap after GC invocations=11 (full 2):
 PSYoungGen      total 138752K, used 0K [0x00000000e0000000, 0x00000000ec280000, 0x0000000100000000)
  eden space 127488K, 0% used [0x00000000e0000000,0x00000000e0000000,0x00000000e7c80000)
  from space 11264K, 0% used [0x00000000e7c80000,0x00000000e7c80000,0x00000000e8780000)
  to   space 12800K, 0% used [0x00000000eb600000,0x00000000eb600000,0x00000000ec280000)
 ParOldGen       total 76288K, used 17519K [0x00000000a0000000, 0x00000000a4a80000, 0x00000000e0000000)
  object space 76288K, 22% used [0x00000000a0000000,0x00000000a111bd28,0x00000000a4a80000)
 Metaspace       used 34299K, capacity 35414K, committed 35496K, reserved 1079296K
  class space    used 4721K, capacity 5002K, committed 5040K, reserved 1048576K
}
Event: 9.022 GC heap before
{Heap before GC invocations=12 (full 2):
 PSYoungGen      total 138752K, used 127488K [0x00000000e0000000, 0x00000000ec280000, 0x0000000100000000)
  eden space 127488K, 100% used [0x00000000e0000000,0x00000000e7c80000,0x00000000e7c80000)
  from space 11264K, 0% used [0x00000000e7c80000,0x00000000e7c80000,0x00000000e8780000)
  to   space 12800K, 0% used [0x00000000eb600000,0x00000000eb600000,0x00000000ec280000)
 ParOldGen       total 76288K, used 17519K [0x00000000a0000000, 0x00000000a4a80000, 0x00000000e0000000)
  object space 76288K, 22% used [0x00000000a0000000,0x00000000a111bd28,0x00000000a4a80000)
 Metaspace       used 39563K, capacity 41244K, committed 41384K, reserved 1085440K
  class space    used 5459K, capacity 5805K, committed 5808K, reserved 1048576K
Event: 9.034 GC heap after
Heap after GC invocations=12 (full 2):
 PSYoungGen      total 177664K, used 9716K [0x00000000e0000000, 0x00000000ebf80000, 0x0000000100000000)
  eden space 167936K, 0% used [0x00000000e0000000,0x00000000e0000000,0x00000000ea400000)
  from space 9728K, 99% used [0x00000000eb600000,0x00000000ebf7d310,0x00000000ebf80000)
  to   space 13312K, 0% used [0x00000000ea580000,0x00000000ea580000,0x00000000eb280000)
 ParOldGen       total 76288K, used 17527K [0x00000000a0000000, 0x00000000a4a80000, 0x00000000e0000000)
  object space 76288K, 22% used [0x00000000a0000000,0x00000000a111dd28,0x00000000a4a80000)
 Metaspace       used 39563K, capacity 41244K, committed 41384K, reserved 1085440K
  class space    used 5459K, capacity 5805K, committed 5808K, reserved 1048576K
}
Event: 17.099 GC heap before
{Heap before GC invocations=13 (full 2):
 PSYoungGen      total 177664K, used 177652K [0x00000000e0000000, 0x00000000ebf80000, 0x0000000100000000)
  eden space 167936K, 100% used [0x00000000e0000000,0x00000000ea400000,0x00000000ea400000)
  from space 9728K, 99% used [0x00000000eb600000,0x00000000ebf7d310,0x00000000ebf80000)
  to   space 13312K, 0% used [0x00000000ea580000,0x00000000ea580000,0x00000000eb280000)
 ParOldGen       total 76288K, used 17527K [0x00000000a0000000, 0x00000000a4a80000, 0x00000000e0000000)
  object space 76288K, 22% used [0x00000000a0000000,0x00000000a111dd28,0x00000000a4a80000)
 Metaspace       used 54718K, capacity 56870K, committed 57128K, reserved 1097728K
  class space    used 7452K, capacity 7960K, committed 7984K, reserved 1048576K
Event: 17.135 GC heap after
Heap after GC invocations=13 (full 2):
 PSYoungGen      total 182784K, used 13308K [0x00000000e0000000, 0x00000000ef800000, 0x0000000100000000)
  eden space 169472K, 0% used [0x00000000e0000000,0x00000000e0000000,0x00000000ea580000)
  from space 13312K, 99% used [0x00000000ea580000,0x00000000eb27f300,0x00000000eb280000)
  to   space 19456K, 0% used [0x00000000ee500000,0x00000000ee500000,0x00000000ef800000)
 ParOldGen       total 76288K, used 30139K [0x00000000a0000000, 0x00000000a4a80000, 0x00000000e0000000)
  object space 76288K, 39% used [0x00000000a0000000,0x00000000a1d6ec28,0x00000000a4a80000)
 Metaspace       used 54718K, capacity 56870K, committed 57128K, reserved 1097728K
  class space    used 7452K, capacity 7960K, committed 7984K, reserved 1048576K
}
Event: 18.123 GC heap before
{Heap before GC invocations=14 (full 2):
 PSYoungGen      total 182784K, used 46263K [0x00000000e0000000, 0x00000000ef800000, 0x0000000100000000)
  eden space 169472K, 19% used [0x00000000e0000000,0x00000000e202e920,0x00000000ea580000)
  from space 13312K, 99% used [0x00000000ea580000,0x00000000eb27f300,0x00000000eb280000)
  to   space 19456K, 0% used [0x00000000ee500000,0x00000000ee500000,0x00000000ef800000)
 ParOldGen       total 76288K, used 30139K [0x00000000a0000000, 0x00000000a4a80000, 0x00000000e0000000)
  object space 76288K, 39% used [0x00000000a0000000,0x00000000a1d6ec28,0x00000000a4a80000)
 Metaspace       used 56747K, capacity 59058K, committed 59160K, reserved 1099776K
  class space    used 7769K, capacity 8292K, committed 8368K, reserved 1048576K
Event: 18.154 GC heap after
Heap after GC invocations=14 (full 2):
 PSYoungGen      total 234496K, used 2846K [0x00000000e0000000, 0x00000000efc00000, 0x0000000100000000)
  eden space 215040K, 0% used [0x00000000e0000000,0x00000000e0000000,0x00000000ed200000)
  from space 19456K, 14% used [0x00000000ee500000,0x00000000ee7c79b0,0x00000000ef800000)
  to   space 19456K, 0% used [0x00000000ed200000,0x00000000ed200000,0x00000000ee500000)
 ParOldGen       total 76288K, used 43360K [0x00000000a0000000, 0x00000000a4a80000, 0x00000000e0000000)
  object space 76288K, 56% used [0x00000000a0000000,0x00000000a2a58108,0x00000000a4a80000)
 Metaspace       used 56747K, capacity 59058K, committed 59160K, reserved 1099776K
  class space    used 7769K, capacity 8292K, committed 8368K, reserved 1048576K
}
Event: 18.154 GC heap before
{Heap before GC invocations=15 (full 3):
 PSYoungGen      total 234496K, used 2846K [0x00000000e0000000, 0x00000000efc00000, 0x0000000100000000)
  eden space 215040K, 0% used [0x00000000e0000000,0x00000000e0000000,0x00000000ed200000)
  from space 19456K, 14% used [0x00000000ee500000,0x00000000ee7c79b0,0x00000000ef800000)
  to   space 19456K, 0% used [0x00000000ed200000,0x00000000ed200000,0x00000000ee500000)
 ParOldGen       total 76288K, used 43360K [0x00000000a0000000, 0x00000000a4a80000, 0x00000000e0000000)
  object space 76288K, 56% used [0x00000000a0000000,0x00000000a2a58108,0x00000000a4a80000)
 Metaspace       used 56747K, capacity 59058K, committed 59160K, reserved 1099776K
  class space    used 7769K, capacity 8292K, committed 8368K, reserved 1048576K
Event: 18.405 GC heap after
Heap after GC invocations=15 (full 3):
 PSYoungGen      total 234496K, used 0K [0x00000000e0000000, 0x00000000efc00000, 0x0000000100000000)
  eden space 215040K, 0% used [0x00000000e0000000,0x00000000e0000000,0x00000000ed200000)
  from space 19456K, 0% used [0x00000000ee500000,0x00000000ee500000,0x00000000ef800000)
  to   space 19456K, 0% used [0x00000000ed200000,0x00000000ed200000,0x00000000ee500000)
 ParOldGen       total 76288K, used 32322K [0x00000000a0000000, 0x00000000a4a80000, 0x00000000e0000000)
  object space 76288K, 42% used [0x00000000a0000000,0x00000000a1f90b00,0x00000000a4a80000)
 Metaspace       used 56726K, capacity 58986K, committed 59160K, reserved 1099776K
  class space    used 7763K, capacity 8280K, committed 8368K, reserved 1048576K
}

